2019-11-15 14:39:48,543 p=100966 u=root |  PLAY [kube-master[0]] ******************************************************************************************************************
2019-11-15 14:39:48,615 p=100966 u=root |  TASK [loadbalancer_apiserver is not set] ***********************************************************************************************
2019-11-15 14:39:48,615 p=100966 u=root |  Friday 15 November 2019  14:39:48 +0800 (0:00:00.189)       0:00:00.189 ******* 
2019-11-15 14:39:48,636 p=100966 u=root |  skipping: [master]
2019-11-15 14:39:48,646 p=100966 u=root |  PLAY [k8s-cluster] *********************************************************************************************************************
2019-11-15 14:39:48,654 p=100966 u=root |  TASK [Disable swap] ********************************************************************************************************************
2019-11-15 14:39:48,655 p=100966 u=root |  Friday 15 November 2019  14:39:48 +0800 (0:00:00.039)       0:00:00.229 ******* 
2019-11-15 14:39:48,729 p=100966 u=root |  changed: [master]
2019-11-15 14:39:48,905 p=100966 u=root |  fatal: [node1]: FAILED! => {
    "changed": true, 
    "rc": 1
}

STDOUT:

>>> /etc/sudoers: syntax error near line 123 <<<
sudo: parse error in /etc/sudoers near line 123
sudo: no valid sudoers sources found, quitting
sudo: unable to initialize policy plugin



STDERR:

Shared connection to 192.168.189.131 closed.



MSG:

non-zero return code

2019-11-15 14:39:48,934 p=100966 u=root |  changed: [node2]
2019-11-15 14:39:48,944 p=100966 u=root |  TASK [Swap off] ************************************************************************************************************************
2019-11-15 14:39:48,945 p=100966 u=root |  Friday 15 November 2019  14:39:48 +0800 (0:00:00.289)       0:00:00.518 ******* 
2019-11-15 14:39:49,006 p=100966 u=root |  changed: [master]
2019-11-15 14:39:49,149 p=100966 u=root |  changed: [node2]
2019-11-15 14:39:49,162 p=100966 u=root |  PLAY [all] *****************************************************************************************************************************
2019-11-15 14:39:49,169 p=100966 u=root |  TASK [Fetch /etc/os-release] ***********************************************************************************************************
2019-11-15 14:39:49,170 p=100966 u=root |  Friday 15 November 2019  14:39:49 +0800 (0:00:00.224)       0:00:00.743 ******* 
2019-11-15 14:39:49,235 p=100966 u=root |  ok: [master]
2019-11-15 14:39:49,350 p=100966 u=root |  ok: [node2]
2019-11-15 14:39:49,355 p=100966 u=root |  TASK [Check os release] ****************************************************************************************************************
2019-11-15 14:39:49,355 p=100966 u=root |  Friday 15 November 2019  14:39:49 +0800 (0:00:00.185)       0:00:00.929 ******* 
2019-11-15 14:39:49,420 p=100966 u=root |  ok: [master]
2019-11-15 14:39:49,495 p=100966 u=root |  ok: [node2]
2019-11-15 14:39:49,500 p=100966 u=root |  TASK [Add APT repositories(Ubuntu 18.04)] **********************************************************************************************
2019-11-15 14:39:49,501 p=100966 u=root |  Friday 15 November 2019  14:39:49 +0800 (0:00:00.145)       0:00:01.075 ******* 
2019-11-15 14:39:49,536 p=100966 u=root |  skipping: [node2]
2019-11-15 14:39:49,540 p=100966 u=root |  skipping: [master]
2019-11-15 14:39:49,545 p=100966 u=root |  PLAY RECAP *****************************************************************************************************************************
2019-11-15 14:39:49,546 p=100966 u=root |  master                     : ok=4    changed=2    unreachable=0    failed=0   
2019-11-15 14:39:49,547 p=100966 u=root |  node1                      : ok=0    changed=0    unreachable=0    failed=1   
2019-11-15 14:39:49,547 p=100966 u=root |  node2                      : ok=4    changed=2    unreachable=0    failed=0   
2019-11-15 14:39:49,547 p=100966 u=root |  Friday 15 November 2019  14:39:49 +0800 (0:00:00.045)       0:00:01.121 ******* 
2019-11-15 14:39:49,547 p=100966 u=root |  =============================================================================== 
2019-11-15 14:39:49,547 p=100966 u=root |  Disable swap -------------------------------------------------------------------------------------------------------------------- 0.29s
2019-11-15 14:39:49,547 p=100966 u=root |  Swap off ------------------------------------------------------------------------------------------------------------------------ 0.22s
2019-11-15 14:39:49,548 p=100966 u=root |  Fetch /etc/os-release ----------------------------------------------------------------------------------------------------------- 0.19s
2019-11-15 14:39:49,548 p=100966 u=root |  Check os release ---------------------------------------------------------------------------------------------------------------- 0.15s
2019-11-15 14:39:49,548 p=100966 u=root |  Add APT repositories(Ubuntu 18.04) ---------------------------------------------------------------------------------------------- 0.05s
2019-11-15 14:39:49,549 p=100966 u=root |  loadbalancer_apiserver is not set ----------------------------------------------------------------------------------------------- 0.04s
