2019-11-15 14:31:45,158 p=98153 u=root |  PLAY [kube-master[0]] ******************************************************************************************************************
2019-11-15 14:31:45,251 p=98153 u=root |  TASK [loadbalancer_apiserver is not set] ***********************************************************************************************
2019-11-15 14:31:45,252 p=98153 u=root |  Friday 15 November 2019  14:31:45 +0800 (0:00:00.230)       0:00:00.230 ******* 
2019-11-15 14:31:45,273 p=98153 u=root |  skipping: [master]
2019-11-15 14:31:45,289 p=98153 u=root |  PLAY [k8s-cluster] *********************************************************************************************************************
2019-11-15 14:31:45,307 p=98153 u=root |  TASK [Disable swap] ********************************************************************************************************************
2019-11-15 14:31:45,307 p=98153 u=root |  Friday 15 November 2019  14:31:45 +0800 (0:00:00.055)       0:00:00.286 ******* 
2019-11-15 14:31:45,398 p=98153 u=root |  changed: [master]
2019-11-15 14:31:46,202 p=98153 u=root |  fatal: [node1]: FAILED! => {
    "changed": true, 
    "rc": 1
}

STDOUT:

>>> /etc/sudoers: syntax error near line 123 <<<
sudo: parse error in /etc/sudoers near line 123
sudo: no valid sudoers sources found, quitting
sudo: unable to initialize policy plugin



STDERR:

Warning: Permanently added '192.168.189.131' (ECDSA) to the list of known hosts.
Shared connection to 192.168.189.131 closed.



MSG:

non-zero return code

2019-11-15 14:31:50,105 p=98153 u=root |  changed: [node2]
2019-11-15 14:31:50,118 p=98153 u=root |  TASK [Swap off] ************************************************************************************************************************
2019-11-15 14:31:50,118 p=98153 u=root |  Friday 15 November 2019  14:31:50 +0800 (0:00:04.811)       0:00:05.097 ******* 
2019-11-15 14:31:50,184 p=98153 u=root |  changed: [master]
2019-11-15 14:31:50,347 p=98153 u=root |  changed: [node2]
2019-11-15 14:31:50,362 p=98153 u=root |  PLAY [all] *****************************************************************************************************************************
2019-11-15 14:31:50,378 p=98153 u=root |  TASK [Fetch /etc/os-release] ***********************************************************************************************************
2019-11-15 14:31:50,379 p=98153 u=root |  Friday 15 November 2019  14:31:50 +0800 (0:00:00.260)       0:00:05.357 ******* 
2019-11-15 14:31:50,448 p=98153 u=root |  ok: [master]
2019-11-15 14:31:50,606 p=98153 u=root |  ok: [node2]
2019-11-15 14:31:50,622 p=98153 u=root |  TASK [Check os release] ****************************************************************************************************************
2019-11-15 14:31:50,622 p=98153 u=root |  Friday 15 November 2019  14:31:50 +0800 (0:00:00.243)       0:00:05.600 ******* 
2019-11-15 14:31:50,688 p=98153 u=root |  ok: [master]
2019-11-15 14:31:50,775 p=98153 u=root |  ok: [node2]
2019-11-15 14:31:50,781 p=98153 u=root |  TASK [Add APT repositories(Ubuntu 18.04)] **********************************************************************************************
2019-11-15 14:31:50,781 p=98153 u=root |  Friday 15 November 2019  14:31:50 +0800 (0:00:00.158)       0:00:05.759 ******* 
2019-11-15 14:31:50,805 p=98153 u=root |  skipping: [master]
2019-11-15 14:31:50,819 p=98153 u=root |  skipping: [node2]
2019-11-15 14:31:50,821 p=98153 u=root |  PLAY RECAP *****************************************************************************************************************************
2019-11-15 14:31:50,821 p=98153 u=root |  master                     : ok=4    changed=2    unreachable=0    failed=0   
2019-11-15 14:31:50,822 p=98153 u=root |  node1                      : ok=0    changed=0    unreachable=0    failed=1   
2019-11-15 14:31:50,822 p=98153 u=root |  node2                      : ok=4    changed=2    unreachable=0    failed=0   
2019-11-15 14:31:50,822 p=98153 u=root |  Friday 15 November 2019  14:31:50 +0800 (0:00:00.040)       0:00:05.800 ******* 
2019-11-15 14:31:50,822 p=98153 u=root |  =============================================================================== 
2019-11-15 14:31:50,823 p=98153 u=root |  Disable swap -------------------------------------------------------------------------------------------------------------------- 4.81s
2019-11-15 14:31:50,823 p=98153 u=root |  Swap off ------------------------------------------------------------------------------------------------------------------------ 0.26s
2019-11-15 14:31:50,823 p=98153 u=root |  Fetch /etc/os-release ----------------------------------------------------------------------------------------------------------- 0.24s
2019-11-15 14:31:50,823 p=98153 u=root |  Check os release ---------------------------------------------------------------------------------------------------------------- 0.16s
2019-11-15 14:31:50,823 p=98153 u=root |  loadbalancer_apiserver is not set ----------------------------------------------------------------------------------------------- 0.06s
2019-11-15 14:31:50,824 p=98153 u=root |  Add APT repositories(Ubuntu 18.04) ---------------------------------------------------------------------------------------------- 0.04s
